Copyright 1986-2020 Xilinx, Inc. All Rights Reserved.
--------------------------------------------------------------------------------------------------------------------------------------------------------------
| Tool Version : Vivado v.2020.2 (win64) Build 3064766 Wed Nov 18 09:12:45 MST 2020
| Date         : Thu Mar 24 23:06:35 2022
| Host         : DESKTOP-9MND0DI running 64-bit major release  (build 9200)
| Command      : report_methodology -file au_top_0_methodology_drc_routed.rpt -pb au_top_0_methodology_drc_routed.pb -rpx au_top_0_methodology_drc_routed.rpx
| Design       : au_top_0
| Device       : xc7a35tftg256-1
| Speed File   : -1
| Design State : Fully Routed
--------------------------------------------------------------------------------------------------------------------------------------------------------------

Report Methodology

Table of Contents
-----------------
1. REPORT SUMMARY
2. REPORT DETAILS

1. REPORT SUMMARY
-----------------
            Netlist: netlist
          Floorplan: design_1
      Design limits: <entire design considered>
             Max violations: <unlimited>
             Violations found: 121
+-----------+------------------+-------------------------------+------------+
| Rule      | Severity         | Description                   | Violations |
+-----------+------------------+-------------------------------+------------+
| TIMING-17 | Critical Warning | Non-clocked sequential cell   | 53         |
| TIMING-18 | Warning          | Missing input or output delay | 66         |
| TIMING-20 | Warning          | Non-clocked latch             | 2          |
+-----------+------------------+-------------------------------+------------+

2. REPORT DETAILS
-----------------
TIMING-17#1 Critical Warning
Non-clocked sequential cell  
The clock pin alucheckfsm1/aluromcheckfsm1/FSM_onehot_M_y_controller_q_reg[0]/C is not reached by a timing clock
Related violations: <none>

TIMING-17#2 Critical Warning
Non-clocked sequential cell  
The clock pin alucheckfsm1/aluromcheckfsm1/FSM_onehot_M_y_controller_q_reg[10]/C is not reached by a timing clock
Related violations: <none>

TIMING-17#3 Critical Warning
Non-clocked sequential cell  
The clock pin alucheckfsm1/aluromcheckfsm1/FSM_onehot_M_y_controller_q_reg[11]/C is not reached by a timing clock
Related violations: <none>

TIMING-17#4 Critical Warning
Non-clocked sequential cell  
The clock pin alucheckfsm1/aluromcheckfsm1/FSM_onehot_M_y_controller_q_reg[12]/C is not reached by a timing clock
Related violations: <none>

TIMING-17#5 Critical Warning
Non-clocked sequential cell  
The clock pin alucheckfsm1/aluromcheckfsm1/FSM_onehot_M_y_controller_q_reg[13]/C is not reached by a timing clock
Related violations: <none>

TIMING-17#6 Critical Warning
Non-clocked sequential cell  
The clock pin alucheckfsm1/aluromcheckfsm1/FSM_onehot_M_y_controller_q_reg[14]/C is not reached by a timing clock
Related violations: <none>

TIMING-17#7 Critical Warning
Non-clocked sequential cell  
The clock pin alucheckfsm1/aluromcheckfsm1/FSM_onehot_M_y_controller_q_reg[15]/C is not reached by a timing clock
Related violations: <none>

TIMING-17#8 Critical Warning
Non-clocked sequential cell  
The clock pin alucheckfsm1/aluromcheckfsm1/FSM_onehot_M_y_controller_q_reg[16]/C is not reached by a timing clock
Related violations: <none>

TIMING-17#9 Critical Warning
Non-clocked sequential cell  
The clock pin alucheckfsm1/aluromcheckfsm1/FSM_onehot_M_y_controller_q_reg[17]/C is not reached by a timing clock
Related violations: <none>

TIMING-17#10 Critical Warning
Non-clocked sequential cell  
The clock pin alucheckfsm1/aluromcheckfsm1/FSM_onehot_M_y_controller_q_reg[18]/C is not reached by a timing clock
Related violations: <none>

TIMING-17#11 Critical Warning
Non-clocked sequential cell  
The clock pin alucheckfsm1/aluromcheckfsm1/FSM_onehot_M_y_controller_q_reg[19]/C is not reached by a timing clock
Related violations: <none>

TIMING-17#12 Critical Warning
Non-clocked sequential cell  
The clock pin alucheckfsm1/aluromcheckfsm1/FSM_onehot_M_y_controller_q_reg[1]/C is not reached by a timing clock
Related violations: <none>

TIMING-17#13 Critical Warning
Non-clocked sequential cell  
The clock pin alucheckfsm1/aluromcheckfsm1/FSM_onehot_M_y_controller_q_reg[20]/C is not reached by a timing clock
Related violations: <none>

TIMING-17#14 Critical Warning
Non-clocked sequential cell  
The clock pin alucheckfsm1/aluromcheckfsm1/FSM_onehot_M_y_controller_q_reg[21]/C is not reached by a timing clock
Related violations: <none>

TIMING-17#15 Critical Warning
Non-clocked sequential cell  
The clock pin alucheckfsm1/aluromcheckfsm1/FSM_onehot_M_y_controller_q_reg[22]/C is not reached by a timing clock
Related violations: <none>

TIMING-17#16 Critical Warning
Non-clocked sequential cell  
The clock pin alucheckfsm1/aluromcheckfsm1/FSM_onehot_M_y_controller_q_reg[23]/C is not reached by a timing clock
Related violations: <none>

TIMING-17#17 Critical Warning
Non-clocked sequential cell  
The clock pin alucheckfsm1/aluromcheckfsm1/FSM_onehot_M_y_controller_q_reg[24]/C is not reached by a timing clock
Related violations: <none>

TIMING-17#18 Critical Warning
Non-clocked sequential cell  
The clock pin alucheckfsm1/aluromcheckfsm1/FSM_onehot_M_y_controller_q_reg[25]/C is not reached by a timing clock
Related violations: <none>

TIMING-17#19 Critical Warning
Non-clocked sequential cell  
The clock pin alucheckfsm1/aluromcheckfsm1/FSM_onehot_M_y_controller_q_reg[26]/C is not reached by a timing clock
Related violations: <none>

TIMING-17#20 Critical Warning
Non-clocked sequential cell  
The clock pin alucheckfsm1/aluromcheckfsm1/FSM_onehot_M_y_controller_q_reg[27]/C is not reached by a timing clock
Related violations: <none>

TIMING-17#21 Critical Warning
Non-clocked sequential cell  
The clock pin alucheckfsm1/aluromcheckfsm1/FSM_onehot_M_y_controller_q_reg[28]/C is not reached by a timing clock
Related violations: <none>

TIMING-17#22 Critical Warning
Non-clocked sequential cell  
The clock pin alucheckfsm1/aluromcheckfsm1/FSM_onehot_M_y_controller_q_reg[29]/C is not reached by a timing clock
Related violations: <none>

TIMING-17#23 Critical Warning
Non-clocked sequential cell  
The clock pin alucheckfsm1/aluromcheckfsm1/FSM_onehot_M_y_controller_q_reg[2]/C is not reached by a timing clock
Related violations: <none>

TIMING-17#24 Critical Warning
Non-clocked sequential cell  
The clock pin alucheckfsm1/aluromcheckfsm1/FSM_onehot_M_y_controller_q_reg[30]/C is not reached by a timing clock
Related violations: <none>

TIMING-17#25 Critical Warning
Non-clocked sequential cell  
The clock pin alucheckfsm1/aluromcheckfsm1/FSM_onehot_M_y_controller_q_reg[31]/C is not reached by a timing clock
Related violations: <none>

TIMING-17#26 Critical Warning
Non-clocked sequential cell  
The clock pin alucheckfsm1/aluromcheckfsm1/FSM_onehot_M_y_controller_q_reg[32]/C is not reached by a timing clock
Related violations: <none>

TIMING-17#27 Critical Warning
Non-clocked sequential cell  
The clock pin alucheckfsm1/aluromcheckfsm1/FSM_onehot_M_y_controller_q_reg[33]/C is not reached by a timing clock
Related violations: <none>

TIMING-17#28 Critical Warning
Non-clocked sequential cell  
The clock pin alucheckfsm1/aluromcheckfsm1/FSM_onehot_M_y_controller_q_reg[34]/C is not reached by a timing clock
Related violations: <none>

TIMING-17#29 Critical Warning
Non-clocked sequential cell  
The clock pin alucheckfsm1/aluromcheckfsm1/FSM_onehot_M_y_controller_q_reg[35]/C is not reached by a timing clock
Related violations: <none>

TIMING-17#30 Critical Warning
Non-clocked sequential cell  
The clock pin alucheckfsm1/aluromcheckfsm1/FSM_onehot_M_y_controller_q_reg[36]/C is not reached by a timing clock
Related violations: <none>

TIMING-17#31 Critical Warning
Non-clocked sequential cell  
The clock pin alucheckfsm1/aluromcheckfsm1/FSM_onehot_M_y_controller_q_reg[37]/C is not reached by a timing clock
Related violations: <none>

TIMING-17#32 Critical Warning
Non-clocked sequential cell  
The clock pin alucheckfsm1/aluromcheckfsm1/FSM_onehot_M_y_controller_q_reg[38]/C is not reached by a timing clock
Related violations: <none>

TIMING-17#33 Critical Warning
Non-clocked sequential cell  
The clock pin alucheckfsm1/aluromcheckfsm1/FSM_onehot_M_y_controller_q_reg[39]/C is not reached by a timing clock
Related violations: <none>

TIMING-17#34 Critical Warning
Non-clocked sequential cell  
The clock pin alucheckfsm1/aluromcheckfsm1/FSM_onehot_M_y_controller_q_reg[3]/C is not reached by a timing clock
Related violations: <none>

TIMING-17#35 Critical Warning
Non-clocked sequential cell  
The clock pin alucheckfsm1/aluromcheckfsm1/FSM_onehot_M_y_controller_q_reg[40]/C is not reached by a timing clock
Related violations: <none>

TIMING-17#36 Critical Warning
Non-clocked sequential cell  
The clock pin alucheckfsm1/aluromcheckfsm1/FSM_onehot_M_y_controller_q_reg[41]/C is not reached by a timing clock
Related violations: <none>

TIMING-17#37 Critical Warning
Non-clocked sequential cell  
The clock pin alucheckfsm1/aluromcheckfsm1/FSM_onehot_M_y_controller_q_reg[42]/C is not reached by a timing clock
Related violations: <none>

TIMING-17#38 Critical Warning
Non-clocked sequential cell  
The clock pin alucheckfsm1/aluromcheckfsm1/FSM_onehot_M_y_controller_q_reg[43]/C is not reached by a timing clock
Related violations: <none>

TIMING-17#39 Critical Warning
Non-clocked sequential cell  
The clock pin alucheckfsm1/aluromcheckfsm1/FSM_onehot_M_y_controller_q_reg[44]/C is not reached by a timing clock
Related violations: <none>

TIMING-17#40 Critical Warning
Non-clocked sequential cell  
The clock pin alucheckfsm1/aluromcheckfsm1/FSM_onehot_M_y_controller_q_reg[45]/C is not reached by a timing clock
Related violations: <none>

TIMING-17#41 Critical Warning
Non-clocked sequential cell  
The clock pin alucheckfsm1/aluromcheckfsm1/FSM_onehot_M_y_controller_q_reg[46]/C is not reached by a timing clock
Related violations: <none>

TIMING-17#42 Critical Warning
Non-clocked sequential cell  
The clock pin alucheckfsm1/aluromcheckfsm1/FSM_onehot_M_y_controller_q_reg[47]/C is not reached by a timing clock
Related violations: <none>

TIMING-17#43 Critical Warning
Non-clocked sequential cell  
The clock pin alucheckfsm1/aluromcheckfsm1/FSM_onehot_M_y_controller_q_reg[48]/C is not reached by a timing clock
Related violations: <none>

TIMING-17#44 Critical Warning
Non-clocked sequential cell  
The clock pin alucheckfsm1/aluromcheckfsm1/FSM_onehot_M_y_controller_q_reg[49]/C is not reached by a timing clock
Related violations: <none>

TIMING-17#45 Critical Warning
Non-clocked sequential cell  
The clock pin alucheckfsm1/aluromcheckfsm1/FSM_onehot_M_y_controller_q_reg[4]/C is not reached by a timing clock
Related violations: <none>

TIMING-17#46 Critical Warning
Non-clocked sequential cell  
The clock pin alucheckfsm1/aluromcheckfsm1/FSM_onehot_M_y_controller_q_reg[50]/C is not reached by a timing clock
Related violations: <none>

TIMING-17#47 Critical Warning
Non-clocked sequential cell  
The clock pin alucheckfsm1/aluromcheckfsm1/FSM_onehot_M_y_controller_q_reg[51]/C is not reached by a timing clock
Related violations: <none>

TIMING-17#48 Critical Warning
Non-clocked sequential cell  
The clock pin alucheckfsm1/aluromcheckfsm1/FSM_onehot_M_y_controller_q_reg[52]/C is not reached by a timing clock
Related violations: <none>

TIMING-17#49 Critical Warning
Non-clocked sequential cell  
The clock pin alucheckfsm1/aluromcheckfsm1/FSM_onehot_M_y_controller_q_reg[5]/C is not reached by a timing clock
Related violations: <none>

TIMING-17#50 Critical Warning
Non-clocked sequential cell  
The clock pin alucheckfsm1/aluromcheckfsm1/FSM_onehot_M_y_controller_q_reg[6]/C is not reached by a timing clock
Related violations: <none>

TIMING-17#51 Critical Warning
Non-clocked sequential cell  
The clock pin alucheckfsm1/aluromcheckfsm1/FSM_onehot_M_y_controller_q_reg[7]/C is not reached by a timing clock
Related violations: <none>

TIMING-17#52 Critical Warning
Non-clocked sequential cell  
The clock pin alucheckfsm1/aluromcheckfsm1/FSM_onehot_M_y_controller_q_reg[8]/C is not reached by a timing clock
Related violations: <none>

TIMING-17#53 Critical Warning
Non-clocked sequential cell  
The clock pin alucheckfsm1/aluromcheckfsm1/FSM_onehot_M_y_controller_q_reg[9]/C is not reached by a timing clock
Related violations: <none>

TIMING-18#1 Warning
Missing input or output delay  
An input delay is missing on io_button[0] relative to clock(s) clk_0
Related violations: <none>

TIMING-18#2 Warning
Missing input or output delay  
An input delay is missing on io_button[1] relative to clock(s) clk_0
Related violations: <none>

TIMING-18#3 Warning
Missing input or output delay  
An input delay is missing on io_button[2] relative to clock(s) clk_0
Related violations: <none>

TIMING-18#4 Warning
Missing input or output delay  
An input delay is missing on io_button[3] relative to clock(s) clk_0
Related violations: <none>

TIMING-18#5 Warning
Missing input or output delay  
An input delay is missing on io_button[4] relative to clock(s) clk_0
Related violations: <none>

TIMING-18#6 Warning
Missing input or output delay  
An input delay is missing on io_dip[0] relative to clock(s) clk_0
Related violations: <none>

TIMING-18#7 Warning
Missing input or output delay  
An input delay is missing on io_dip[10] relative to clock(s) clk_0
Related violations: <none>

TIMING-18#8 Warning
Missing input or output delay  
An input delay is missing on io_dip[11] relative to clock(s) clk_0
Related violations: <none>

TIMING-18#9 Warning
Missing input or output delay  
An input delay is missing on io_dip[12] relative to clock(s) clk_0
Related violations: <none>

TIMING-18#10 Warning
Missing input or output delay  
An input delay is missing on io_dip[13] relative to clock(s) clk_0
Related violations: <none>

TIMING-18#11 Warning
Missing input or output delay  
An input delay is missing on io_dip[14] relative to clock(s) clk_0
Related violations: <none>

TIMING-18#12 Warning
Missing input or output delay  
An input delay is missing on io_dip[15] relative to clock(s) clk_0
Related violations: <none>

TIMING-18#13 Warning
Missing input or output delay  
An input delay is missing on io_dip[16] relative to clock(s) clk_0
Related violations: <none>

TIMING-18#14 Warning
Missing input or output delay  
An input delay is missing on io_dip[17] relative to clock(s) clk_0
Related violations: <none>

TIMING-18#15 Warning
Missing input or output delay  
An input delay is missing on io_dip[18] relative to clock(s) clk_0
Related violations: <none>

TIMING-18#16 Warning
Missing input or output delay  
An input delay is missing on io_dip[19] relative to clock(s) clk_0
Related violations: <none>

TIMING-18#17 Warning
Missing input or output delay  
An input delay is missing on io_dip[1] relative to clock(s) clk_0
Related violations: <none>

TIMING-18#18 Warning
Missing input or output delay  
An input delay is missing on io_dip[20] relative to clock(s) clk_0
Related violations: <none>

TIMING-18#19 Warning
Missing input or output delay  
An input delay is missing on io_dip[21] relative to clock(s) clk_0
Related violations: <none>

TIMING-18#20 Warning
Missing input or output delay  
An input delay is missing on io_dip[22] relative to clock(s) clk_0
Related violations: <none>

TIMING-18#21 Warning
Missing input or output delay  
An input delay is missing on io_dip[23] relative to clock(s) clk_0
Related violations: <none>

TIMING-18#22 Warning
Missing input or output delay  
An input delay is missing on io_dip[2] relative to clock(s) clk_0
Related violations: <none>

TIMING-18#23 Warning
Missing input or output delay  
An input delay is missing on io_dip[3] relative to clock(s) clk_0
Related violations: <none>

TIMING-18#24 Warning
Missing input or output delay  
An input delay is missing on io_dip[4] relative to clock(s) clk_0
Related violations: <none>

TIMING-18#25 Warning
Missing input or output delay  
An input delay is missing on io_dip[5] relative to clock(s) clk_0
Related violations: <none>

TIMING-18#26 Warning
Missing input or output delay  
An input delay is missing on io_dip[6] relative to clock(s) clk_0
Related violations: <none>

TIMING-18#27 Warning
Missing input or output delay  
An input delay is missing on io_dip[7] relative to clock(s) clk_0
Related violations: <none>

TIMING-18#28 Warning
Missing input or output delay  
An input delay is missing on io_dip[8] relative to clock(s) clk_0
Related violations: <none>

TIMING-18#29 Warning
Missing input or output delay  
An input delay is missing on io_dip[9] relative to clock(s) clk_0
Related violations: <none>

TIMING-18#30 Warning
Missing input or output delay  
An input delay is missing on rst_n relative to clock(s) clk_0
Related violations: <none>

TIMING-18#31 Warning
Missing input or output delay  
An output delay is missing on io_led[0] relative to clock(s) clk_0
Related violations: <none>

TIMING-18#32 Warning
Missing input or output delay  
An output delay is missing on io_led[10] relative to clock(s) clk_0
Related violations: <none>

TIMING-18#33 Warning
Missing input or output delay  
An output delay is missing on io_led[11] relative to clock(s) clk_0
Related violations: <none>

TIMING-18#34 Warning
Missing input or output delay  
An output delay is missing on io_led[12] relative to clock(s) clk_0
Related violations: <none>

TIMING-18#35 Warning
Missing input or output delay  
An output delay is missing on io_led[13] relative to clock(s) clk_0
Related violations: <none>

TIMING-18#36 Warning
Missing input or output delay  
An output delay is missing on io_led[14] relative to clock(s) clk_0
Related violations: <none>

TIMING-18#37 Warning
Missing input or output delay  
An output delay is missing on io_led[15] relative to clock(s) clk_0
Related violations: <none>

TIMING-18#38 Warning
Missing input or output delay  
An output delay is missing on io_led[16] relative to clock(s) clk_0
Related violations: <none>

TIMING-18#39 Warning
Missing input or output delay  
An output delay is missing on io_led[17] relative to clock(s) clk_0
Related violations: <none>

TIMING-18#40 Warning
Missing input or output delay  
An output delay is missing on io_led[18] relative to clock(s) clk_0
Related violations: <none>

TIMING-18#41 Warning
Missing input or output delay  
An output delay is missing on io_led[19] relative to clock(s) clk_0
Related violations: <none>

TIMING-18#42 Warning
Missing input or output delay  
An output delay is missing on io_led[1] relative to clock(s) clk_0
Related violations: <none>

TIMING-18#43 Warning
Missing input or output delay  
An output delay is missing on io_led[20] relative to clock(s) clk_0
Related violations: <none>

TIMING-18#44 Warning
Missing input or output delay  
An output delay is missing on io_led[21] relative to clock(s) clk_0
Related violations: <none>

TIMING-18#45 Warning
Missing input or output delay  
An output delay is missing on io_led[22] relative to clock(s) clk_0
Related violations: <none>

TIMING-18#46 Warning
Missing input or output delay  
An output delay is missing on io_led[23] relative to clock(s) clk_0
Related violations: <none>

TIMING-18#47 Warning
Missing input or output delay  
An output delay is missing on io_led[2] relative to clock(s) clk_0
Related violations: <none>

TIMING-18#48 Warning
Missing input or output delay  
An output delay is missing on io_led[3] relative to clock(s) clk_0
Related violations: <none>

TIMING-18#49 Warning
Missing input or output delay  
An output delay is missing on io_led[4] relative to clock(s) clk_0
Related violations: <none>

TIMING-18#50 Warning
Missing input or output delay  
An output delay is missing on io_led[5] relative to clock(s) clk_0
Related violations: <none>

TIMING-18#51 Warning
Missing input or output delay  
An output delay is missing on io_led[6] relative to clock(s) clk_0
Related violations: <none>

TIMING-18#52 Warning
Missing input or output delay  
An output delay is missing on io_led[7] relative to clock(s) clk_0
Related violations: <none>

TIMING-18#53 Warning
Missing input or output delay  
An output delay is missing on io_led[8] relative to clock(s) clk_0
Related violations: <none>

TIMING-18#54 Warning
Missing input or output delay  
An output delay is missing on io_led[9] relative to clock(s) clk_0
Related violations: <none>

TIMING-18#55 Warning
Missing input or output delay  
An output delay is missing on io_seg[0] relative to clock(s) clk_0
Related violations: <none>

TIMING-18#56 Warning
Missing input or output delay  
An output delay is missing on io_seg[1] relative to clock(s) clk_0
Related violations: <none>

TIMING-18#57 Warning
Missing input or output delay  
An output delay is missing on io_seg[2] relative to clock(s) clk_0
Related violations: <none>

TIMING-18#58 Warning
Missing input or output delay  
An output delay is missing on io_seg[3] relative to clock(s) clk_0
Related violations: <none>

TIMING-18#59 Warning
Missing input or output delay  
An output delay is missing on io_seg[4] relative to clock(s) clk_0
Related violations: <none>

TIMING-18#60 Warning
Missing input or output delay  
An output delay is missing on io_seg[5] relative to clock(s) clk_0
Related violations: <none>

TIMING-18#61 Warning
Missing input or output delay  
An output delay is missing on io_seg[6] relative to clock(s) clk_0
Related violations: <none>

TIMING-18#62 Warning
Missing input or output delay  
An output delay is missing on io_seg[7] relative to clock(s) clk_0
Related violations: <none>

TIMING-18#63 Warning
Missing input or output delay  
An output delay is missing on io_sel[0] relative to clock(s) clk_0
Related violations: <none>

TIMING-18#64 Warning
Missing input or output delay  
An output delay is missing on io_sel[1] relative to clock(s) clk_0
Related violations: <none>

TIMING-18#65 Warning
Missing input or output delay  
An output delay is missing on io_sel[2] relative to clock(s) clk_0
Related violations: <none>

TIMING-18#66 Warning
Missing input or output delay  
An output delay is missing on io_sel[3] relative to clock(s) clk_0
Related violations: <none>

TIMING-20#1 Warning
Non-clocked latch  
The latch alucheckfsm1/aluromcheckfsm1/num_show_reg[0] cannot be properly analyzed as its control pin alucheckfsm1/aluromcheckfsm1/num_show_reg[0]/G is not reached by a timing clock
Related violations: <none>

TIMING-20#2 Warning
Non-clocked latch  
The latch alucheckfsm1/aluromcheckfsm1/num_show_reg[1] cannot be properly analyzed as its control pin alucheckfsm1/aluromcheckfsm1/num_show_reg[1]/G is not reached by a timing clock
Related violations: <none>


